<?xml version="1.0" encoding="UTF-8"?>
<!-- Generated by org.testng.reporters.JUnitXMLReporter -->
<testsuite hostname="INPUN-PF0OCA0TJ" ignored="0" name="Project List" tests="6" failures="0" timestamp="25 Apr 2017 09:23:01 GMT" time="16.071" errors="0">
  <testcase name="count_project" time="3.069" classname="Project.ProjectListNew"/>
  <testcase name="displayProjectDetails" time="0.49" classname="Project.ProjectListNew"/>
  <testcase name="sort_by_name" time="0.629" classname="Project.ProjectListNew"/>
  <testcase name="sort_by_rating" time="4.251" classname="Project.ProjectListNew"/>
  <testcase name="sort_by_size" time="7.429" classname="Project.ProjectListNew"/>
  <testcase name="navigateToHomePage" time="0.18" classname="Project.ProjectListNew"/>
</testsuite> <!-- Project List -->
