<?xml version="1.0" encoding="UTF-8"?>
<!-- Generated by org.testng.reporters.JUnitXMLReporter -->
<testsuite hostname="INPUN-PF0OCA0TJ" ignored="0" name="ProjectDashboard" tests="5" failures="0" timestamp="12 Apr 2017 05:47:12 GMT" time="16.064" errors="0">
  <testcase name="count_project" time="3.061" classname="Project.ProjectListNew"/>
  <testcase name="displayProjectDetails" time="0.504" classname="Project.ProjectListNew"/>
  <testcase name="sort_by_size" time="7.296" classname="Project.ProjectListNew"/>
  <testcase name="sort_by_rating" time="4.536" classname="Project.ProjectListNew"/>
  <testcase name="sort_by_name" time="0.643" classname="Project.ProjectListNew"/>
</testsuite> <!-- ProjectDashboard -->
