<?xml version="1.0" encoding="UTF-8"?>
<!-- Generated by org.testng.reporters.JUnitXMLReporter -->
<testsuite hostname="INPUN-PF0CA0TJ" ignored="1" name="project" tests="1" failures="0" timestamp="27 Jul 2017 13:21:02 GMT" time="1.043" errors="0">
  <testcase name="addProject" time="1.041" classname="com.acellere.admin.project.createProject"/>
  <testcase name="addSubSystem" time="0.0" classname="com.acellere.admin.project.createProject">
    <ignored/>
  </testcase> <!-- addSubSystem -->
</testsuite> <!-- project -->
