<?xml version="1.0" encoding="UTF-8"?>
<!-- Generated by org.testng.reporters.JUnitXMLReporter -->
<testsuite hostname="INPUN-PF0OCA0TJ" ignored="0" name="SubSystemDashboard" tests="2" failures="0" timestamp="02 May 2017 10:21:54 GMT" time="5.726" errors="0">
  <testcase name="navigateSubSystemOverviewPanel" time="5.326" classname="SubSystemDashboard.SubSystemDashboard"/>
  <testcase name="verifyPanels" time="0.158" classname="SubSystemDashboard.SubSystemDashboard"/>
</testsuite> <!-- SubSystemDashboard -->
