<?xml version="1.0" encoding="UTF-8"?>
<!-- Generated by org.testng.reporters.JUnitXMLReporter -->
<testsuite hostname="INPUN-PF0OCA0TJ" ignored="0" name="Test" tests="8" failures="0" timestamp="05 Apr 2017 10:43:31 GMT" time="30.36" errors="0">
  <testcase name="login" time="8.127" classname="CommonLibrary.GammaLogin"/>
  <testcase name="login" time="0.007" classname="SubSystemDashboard.SubSystemOverviewPanel"/>
  <testcase name="navigateSubSystemOverviewPanel" time="5.568" classname="SubSystemDashboard.SubSystemOverviewPanel"/>
  <testcase name="count_project" time="3.054" classname="Project.ProjectListNew"/>
  <testcase name="displayProjectDetails" time="0.447" classname="Project.ProjectListNew"/>
  <testcase name="sort_by_name" time="0.82" classname="Project.ProjectListNew"/>
  <testcase name="sort_by_rating" time="1.429" classname="Project.ProjectListNew"/>
  <testcase name="sort_by_size" time="4.391" classname="Project.ProjectListNew"/>
</testsuite> <!-- Test -->
